22:05:03 <INFO> Started REINVENT 4.3.5 (C) AstraZeneca 2017, 2023 on 2024-07-14
22:05:03 <INFO> Command line: /home/u/.local/share/virtualenvs/django-drug-discovery-1-OBHKyLIl/bin/reinvent -l sampling.log 4357bd8c-b9ca-4725-be91-88ead7c9ea56.toml
22:05:03 <INFO> User u on host u-ASUS-TUF-Gaming-A15-FA507NU-FA507NU
22:05:03 <INFO> Python version 3.10.12
22:05:03 <INFO> PyTorch version 2.2.1+cu121, git 6c8c5ad5eaf47a62fafbb4a2747198cbffbf1ff0
22:05:03 <INFO> PyTorch compiled with CUDA version 12.1
22:05:03 <INFO> RDKit version 2023.09.5
22:05:03 <INFO> Platform Linux-6.5.0-41-generic-x86_64-with-glibc2.35
22:05:03 <INFO> CUDA driver version 535.183.01
22:05:03 <INFO> Number of PyTorch CUDA devices 1
22:05:03 <WARN> 'use_cuda' is deprecated, use 'device' instead
22:05:03 <INFO> Using CUDA device:0 NVIDIA GeForce RTX 4050 Laptop GPU
22:05:03 <INFO> GPU memory: 5812 MiB free, 5905 MiB total
22:05:03 <INFO> Starting Sampling
22:05:03 <ERRO> /home/u/Desktop/django-drug-discovery-1/src/transfer_learning_models/4357bd8c-b9ca-4725-be91-88ead7c9ea56/TL_reinvent.model.1.chkpt has invalid hash:
{ 'comments': [],
  'creation_date': 0,
  'date_format': 'UNIX epoch',
  'hash_id': '173568c36e1fc3d95cab289c7d31ce0b',
  'hash_id_format': 'xxhash.xxh3_128_hex 3.4.1',
  'model_id': '55d68f8a81c04f5a86304ebe1723a0ea',
  'model_id_format': 'uuid.uuid4 3.10.12',
  'origina_data_source': 'ChEMBL 25',
  'updates': []}
22:05:03 <INFO> Number of network parameters: 5,805,602
22:05:03 <INFO> Using generator Reinvent
22:05:03 <INFO> Writing sampled SMILES to CSV file transfer_learning_models/4357bd8c-b9ca-4725-be91-88ead7c9ea56/sampling.csv
22:05:03 <INFO> Sampling 50 SMILES from model transfer_learning_models/4357bd8c-b9ca-4725-be91-88ead7c9ea56/TL_reinvent.model.1.chkpt
22:05:03 <INFO> Time taken in seconds: 0
22:05:03 <INFO> Peak main memory usage: 945.578 MiB
22:05:03 <INFO> Finished REINVENT on 2024-07-14
