22:19:31 <INFO> Started REINVENT 4.3.5 (C) AstraZeneca 2017, 2023 on 2024-07-14
22:19:31 <INFO> Command line: /home/u/.local/share/virtualenvs/django-drug-discovery-1-OBHKyLIl/bin/reinvent -l transfer_learning.log transfer_learning_models/66af54ff-ccf5-482b-bf7a-83a68175b930/transfer_learning.toml
22:19:31 <INFO> User u on host u-ASUS-TUF-Gaming-A15-FA507NU-FA507NU
22:19:31 <INFO> Python version 3.10.12
22:19:31 <INFO> PyTorch version 2.2.1+cu121, git 6c8c5ad5eaf47a62fafbb4a2747198cbffbf1ff0
22:19:31 <INFO> PyTorch compiled with CUDA version 12.1
22:19:31 <INFO> RDKit version 2023.09.5
22:19:31 <INFO> Platform Linux-6.5.0-41-generic-x86_64-with-glibc2.35
22:19:31 <INFO> CUDA driver version 535.183.01
22:19:32 <INFO> Number of PyTorch CUDA devices 1
22:19:32 <WARN> 'use_cuda' is deprecated, use 'device' instead
22:19:32 <INFO> Using CUDA device:0 NVIDIA GeForce RTX 4050 Laptop GPU
22:19:32 <INFO> GPU memory: 5812 MiB free, 5905 MiB total
22:19:32 <INFO> Starting Transfer Learning
22:19:33 <ERRO> /home/u/Desktop/django-drug-discovery-1/src/stage1.chkpt has invalid hash:
{ 'comments': [],
  'creation_date': 0,
  'date_format': 'UNIX epoch',
  'hash_id': '173568c36e1fc3d95cab289c7d31ce0b',
  'hash_id_format': 'xxhash.xxh3_128_hex 3.4.1',
  'model_id': '55d68f8a81c04f5a86304ebe1723a0ea',
  'model_id_format': 'uuid.uuid4 3.10.12',
  'origina_data_source': 'ChEMBL 25',
  'updates': []}
22:19:33 <INFO> Number of network parameters: 5,805,602
22:19:33 <INFO> Using generator Reinvent
22:19:33 <INFO> Applying filter default to input SMILES
22:19:33 <INFO> Read 0 input SMILES from /home/u/Desktop/django-drug-discovery-1/src/transfer_learning_models/66af54ff-ccf5-482b-bf7a-83a68175b930/66af54ff-ccf5-482b-bf7a-83a68175b930_train.smi
22:19:33 <CRIT> Unable to read valid SMILES from /home/u/Desktop/django-drug-discovery-1/src/transfer_learning_models/66af54ff-ccf5-482b-bf7a-83a68175b930/66af54ff-ccf5-482b-bf7a-83a68175b930_train.smi
